{
  "RSpec": {
    "coverage": {
      "/Users/abrahamkim/Desktop/scratch/listing_app/config/environment.rb": [
        null,
        1,
        null,
        null,
        1
      ],
      "/Users/abrahamkim/Desktop/scratch/listing_app/config/application.rb": [
        1,
        null,
        1,
        null,
        1,
        1,
        1,
        1,
        1,
        1,
        1,
        1,
        1,
        null,
        null,
        null,
        null,
        1,
        null,
        1,
        1,
        1,
        1,
        null,
        1,
        null,
        null,
        null,
        null,
        null,
        null,
        null,
        1,
        null,
        null
      ],
      "/Users/abrahamkim/Desktop/scratch/listing_app/config/boot.rb": [
        1,
        null,
        1,
        1
      ],
      "/Users/abrahamkim/Desktop/scratch/listing_app/config/environments/test.rb": [
        1,
        null,
        null,
        null,
        null,
        null,
        null,
        1,
        null,
        null,
        null,
        null,
        1,
        null,
        null,
        1,
        1,
        null,
        null,
        null,
        null,
        1,
        1,
        null,
        null,
        1,
        null,
        null,
        1,
        null,
        null,
        1,
        null,
        1,
        null,
        null,
        null,
        null,
        1,
        null,
        null,
        1,
        null,
        null,
        null,
        null
      ],
      "/Users/abrahamkim/Desktop/scratch/listing_app/config/initializers/application_controller_renderer.rb": [
        null,
        null,
        null,
        null,
        null,
        null,
        null,
        null
      ],
      "/Users/abrahamkim/Desktop/scratch/listing_app/config/initializers/assets.rb": [
        null,
        null,
        null,
        1,
        null,
        null,
        null,
        null,
        1,
        null,
        null,
        null,
        null,
        null
      ],
      "/Users/abrahamkim/Desktop/scratch/listing_app/config/initializers/aws.rb": [
        1,
        null,
        1,
        null,
        null,
        null,
        null,
        1
      ],
      "/Users/abrahamkim/Desktop/scratch/listing_app/config/initializers/backtrace_silencers.rb": [
        null,
        null,
        null,
        null,
        null,
        null,
        null
      ],
      "/Users/abrahamkim/Desktop/scratch/listing_app/config/initializers/content_security_policy.rb": [
        null,
        null,
        null,
        null,
        null,
        null,
        null,
        null,
        null,
        null,
        null,
        null,
        null,
        null,
        null,
        null,
        null,
        null,
        null,
        null,
        null,
        null,
        null,
        null,
        null
      ],
      "/Users/abrahamkim/Desktop/scratch/listing_app/config/initializers/cookies_serializer.rb": [
        null,
        null,
        null,
        null,
        1
      ],
      "/Users/abrahamkim/Desktop/scratch/listing_app/config/initializers/cors.rb": [
        null,
        null,
        null,
        null,
        null,
        null,
        null,
        1,
        1,
        1,
        null,
        1,
        null,
        null,
        null,
        null
      ],
      "/Users/abrahamkim/Desktop/scratch/listing_app/config/initializers/filter_parameter_logging.rb": [
        null,
        null,
        null,
        1
      ],
      "/Users/abrahamkim/Desktop/scratch/listing_app/config/initializers/inflections.rb": [
        null,
        null,
        null,
        null,
        null,
        null,
        null,
        null,
        null,
        null,
        null,
        null,
        null,
        null,
        null,
        null
      ],
      "/Users/abrahamkim/Desktop/scratch/listing_app/config/initializers/mime_types.rb": [
        null,
        null,
        null,
        null
      ],
      "/Users/abrahamkim/Desktop/scratch/listing_app/config/initializers/wrap_parameters.rb": [
        null,
        null,
        null,
        null,
        null,
        null,
        1,
        2,
        null,
        null,
        null,
        null,
        null,
        null
      ],
      "/Users/abrahamkim/Desktop/scratch/listing_app/config/routes.rb": [
        1,
        1,
        null,
        1,
        1,
        1,
        1,
        null,
        null,
        1,
        1,
        null,
        null,
        1,
        null,
        null,
        1,
        1,
        1,
        1,
        1,
        1,
        null,
        null,
        1,
        1,
        1,
        1,
        1,
        1,
        null,
        1,
        null,
        null
      ],
      "/Users/abrahamkim/Desktop/scratch/listing_app/app/helpers/application_helper.rb": [
        1,
        null
      ],
      "/Users/abrahamkim/Desktop/scratch/listing_app/app/controllers/api/sessions_controller.rb": [
        1,
        1,
        0,
        0,
        0,
        null,
        null,
        null,
        null,
        null,
        null,
        null,
        0,
        null,
        0,
        null,
        null,
        null
      ],
      "/Users/abrahamkim/Desktop/scratch/listing_app/app/controllers/api/users_controller.rb": [
        1,
        1,
        0,
        0,
        null,
        null,
        1,
        0,
        null,
        null,
        null,
        null,
        null,
        null,
        null,
        null,
        0,
        null,
        0,
        null,
        0,
        null,
        null,
        null,
        1,
        0,
        0,
        0,
        0,
        0,
        0,
        0,
        null,
        0,
        0,
        null,
        0,
        null,
        null,
        null,
        1,
        0,
        0,
        0,
        null,
        null
      ],
      "/Users/abrahamkim/Desktop/scratch/listing_app/spec/models/user_spec.rb": [
        1,
        1,
        1,
        null,
        1,
        1,
        1,
        1,
        1,
        1,
        1,
        null,
        null,
        null,
        1,
        1,
        1,
        1,
        1,
        1,
        1,
        1,
        null,
        1,
        null,
        null,
        null,
        null,
        null
      ],
      "/Users/abrahamkim/Desktop/scratch/listing_app/app/models/user.rb": [
        1,
        1,
        1,
        null,
        1,
        1,
        1,
        null,
        1,
        0,
        null,
        null,
        1,
        0,
        null,
        null
      ],
      "/Users/abrahamkim/Desktop/scratch/listing_app/app/models/application_record.rb": [
        1,
        1,
        null
      ]
    },
    "timestamp": 1572538754
  }
}
